2021-10-14 14:42:28,107 INFO [main][SpringApplication.java:675] - No active profile set, falling back to default profiles: default
2021-10-14 14:42:28,961 WARN [main][EndpointId.java:135] - Endpoint ID 'service-registry' contains invalid characters, please migrate to a valid format.
2021-10-14 14:42:29,241 INFO [main][GenericScope.java:294] - BeanFactory id=33c68227-122c-36dd-8028-a36de4f592a4
2021-10-14 14:42:29,363 INFO [main][PostProcessorRegistrationDelegate.java:330] - Bean 'org.springframework.cloud.autoconfigure.ConfigurationPropertiesRebinderAutoConfiguration' of type [org.springframework.cloud.autoconfigure.ConfigurationPropertiesRebinderAutoConfiguration$$EnhancerBySpringCGLIB$$d96406c0] is not eligible for getting processed by all BeanPostProcessors (for example: not eligible for auto-proxying)
2021-10-14 14:42:29,808 INFO [main][TomcatWebServer.java:90] - Tomcat initialized with port(s): 56080 (http)
2021-10-14 14:42:29,825 INFO [main][DirectJDKLog.java:173] - Initializing ProtocolHandler ["http-nio-56080"]
2021-10-14 14:42:29,837 INFO [main][DirectJDKLog.java:173] - Starting service [Tomcat]
2021-10-14 14:42:29,837 INFO [main][DirectJDKLog.java:173] - Starting Servlet engine: [Apache Tomcat/9.0.16]
2021-10-14 14:42:29,845 INFO [main][DirectJDKLog.java:173] - The APR based Apache Tomcat Native library which allows optimal performance in production environments was not found on the java.library.path: [D:\Program_Files\Java\jdk1.8.0_281\bin;C:\windows\Sun\Java\bin;C:\windows\system32;C:\windows;D:\Program_Files\Xshell6\;D:\Program_Files\Secure\Clients\;C:\Program Files (x86)\Common Files\Oracle\Java\javapath;C:\Windows\system32;C:\Windows;C:\Windows\System32\Wbem;C:\Windows\System32\WindowsPowerShell\v1.0\;C:\Windows\System32\OpenSSH\;C:\Program Files (x86)\Intel\Intel(R) Management Engine Components\DAL;C:\Program Files\Intel\Intel(R) Management Engine Components\DAL;C:\Program Files (x86)\NVIDIA Corporation\PhysX\Common;D:\Program_Files\Git\cmd;D:\Program_Files\apache-maven-3.6.3\bin;D:\Program_Files\Java\jdk1.8.0_281\bin;D:\Program_Files\gradle-6.8.3\bin;D:\Program_Files\mysql-5.7.30-winx64\bin;D:\Program_Files\python-3.9.6-embed-amd64\;D:\Program_Files\nodejs\;C:\Users\Administrator\AppData\Local\Microsoft\WindowsApps;C:\Users\Administrator\AppData\Roaming\npm;.]
2021-10-14 14:42:29,976 INFO [main][DirectJDKLog.java:173] - Initializing Spring embedded WebApplicationContext
2021-10-14 14:42:29,977 INFO [main][ServletWebServerApplicationContext.java:296] - Root WebApplicationContext: initialization completed in 1849 ms
2021-10-14 14:42:30,110 WARN [main][URLConfigurationSource.java:121] - No URLs will be polled as dynamic configuration sources.
2021-10-14 14:42:30,111 INFO [main][URLConfigurationSource.java:122] - To enable URLs as dynamic configuration sources, define System property archaius.configurationSource.additionalUrls or make config.properties available on classpath.
2021-10-14 14:42:30,134 INFO [main][DynamicPropertyFactory.java:281] - DynamicPropertyFactory is initialized with configuration sources: com.netflix.config.ConcurrentCompositeConfiguration@62b6c045
2021-10-14 14:42:31,121 INFO [main][WebApplicationImpl.java:815] - Initiating Jersey application, version 'Jersey: 1.19.1 03/11/2016 02:08 PM'
2021-10-14 14:42:31,216 INFO [main][DiscoveryJerseyProvider.java:70] - Using JSON encoding codec LegacyJacksonJson
2021-10-14 14:42:31,216 INFO [main][DiscoveryJerseyProvider.java:71] - Using JSON decoding codec LegacyJacksonJson
2021-10-14 14:42:31,427 INFO [main][DiscoveryJerseyProvider.java:80] - Using XML encoding codec XStreamXml
2021-10-14 14:42:31,427 INFO [main][DiscoveryJerseyProvider.java:81] - Using XML decoding codec XStreamXml
2021-10-14 14:42:31,838 WARN [main][URLConfigurationSource.java:121] - No URLs will be polled as dynamic configuration sources.
2021-10-14 14:42:31,838 INFO [main][URLConfigurationSource.java:122] - To enable URLs as dynamic configuration sources, define System property archaius.configurationSource.additionalUrls or make config.properties available on classpath.
2021-10-14 14:42:32,127 INFO [main][ExecutorConfigurationSupport.java:171] - Initializing ExecutorService 'applicationTaskExecutor'
2021-10-14 14:42:33,182 INFO [main][InstanceInfoFactory.java:71] - Setting initial instance status as: STARTING
2021-10-14 14:42:33,221 INFO [main][DiscoveryClient.java:349] - Initializing Eureka in region us-east-1
2021-10-14 14:42:33,222 INFO [main][DiscoveryClient.java:352] - Client configured to neither register nor query for data.
2021-10-14 14:42:33,229 INFO [main][DiscoveryClient.java:365] - Discovery Client initialized at timestamp 1634193753228 with initial instances count: 0
2021-10-14 14:42:33,277 INFO [main][DefaultEurekaServerContext.java:63] - Initializing ...
2021-10-14 14:42:33,280 INFO [main][PeerEurekaNodes.java:188] - Adding new peer nodes [http://localhost:56080/eureka/]
2021-10-14 14:42:33,720 INFO [main][DiscoveryJerseyProvider.java:70] - Using JSON encoding codec LegacyJacksonJson
2021-10-14 14:42:33,721 INFO [main][DiscoveryJerseyProvider.java:71] - Using JSON decoding codec LegacyJacksonJson
2021-10-14 14:42:33,721 INFO [main][DiscoveryJerseyProvider.java:80] - Using XML encoding codec XStreamXml
2021-10-14 14:42:33,721 INFO [main][DiscoveryJerseyProvider.java:81] - Using XML decoding codec XStreamXml
2021-10-14 14:42:33,879 INFO [main][PeerEurekaNodes.java:110] - Replica node URL:  http://localhost:56080/eureka/
2021-10-14 14:42:33,891 INFO [main][AbstractInstanceRegistry.java:151] - Finished initializing remote region registries. All known remote regions: []
2021-10-14 14:42:33,892 INFO [main][DefaultEurekaServerContext.java:70] - Initialized
2021-10-14 14:42:33,906 INFO [main][EndpointLinksResolver.java:59] - Exposing 2 endpoint(s) beneath base path '/actuator'
2021-10-14 14:42:34,044 INFO [main][EurekaServiceRegistry.java:42] - Registering application SEATA-DEMO-DISCOVERY with eureka with status UP
2021-10-14 14:42:34,050 INFO [Thread-30][EurekaServerBootstrap.java:109] - Setting the eureka configuration..
2021-10-14 14:42:34,051 INFO [Thread-30][EurekaServerBootstrap.java:114] - Eureka data center value eureka.datacenter is not set, defaulting to default
2021-10-14 14:42:34,052 INFO [Thread-30][EurekaServerBootstrap.java:128] - Eureka environment value eureka.environment is not set, defaulting to test
2021-10-14 14:42:34,072 INFO [Thread-30][EurekaServerBootstrap.java:184] - isAws returned false
2021-10-14 14:42:34,073 INFO [Thread-30][EurekaServerBootstrap.java:152] - Initialized server context
2021-10-14 14:42:34,073 INFO [Thread-30][PeerAwareInstanceRegistryImpl.java:241] - Got 1 instances from neighboring DS node
2021-10-14 14:42:34,074 INFO [main][DirectJDKLog.java:173] - Starting ProtocolHandler ["http-nio-56080"]
2021-10-14 14:42:34,074 INFO [Thread-30][PeerAwareInstanceRegistryImpl.java:242] - Renew threshold is: 1
2021-10-14 14:42:34,074 INFO [Thread-30][PeerAwareInstanceRegistryImpl.java:253] - Changing status to UP
2021-10-14 14:42:34,089 INFO [Thread-30][EurekaServerInitializerConfiguration.java:72] - Started Eureka Server
2021-10-14 14:42:34,119 INFO [main][TomcatWebServer.java:204] - Tomcat started on port(s): 56080 (http) with context path ''
2021-10-14 14:42:34,120 INFO [main][EurekaAutoServiceRegistration.java:141] - Updating port to 56080
2021-10-14 14:42:34,123 INFO [main][StartupInfoLogger.java:59] - Started DiscoveryServer in 8.477 seconds (JVM running for 10.879)
2021-10-14 14:42:34,575 INFO [RMI TCP Connection(1)-10.253.6.126][DirectJDKLog.java:173] - Initializing Spring DispatcherServlet 'dispatcherServlet'
2021-10-14 14:42:34,575 INFO [RMI TCP Connection(1)-10.253.6.126][FrameworkServlet.java:524] - Initializing Servlet 'dispatcherServlet'
2021-10-14 14:42:34,586 INFO [RMI TCP Connection(1)-10.253.6.126][FrameworkServlet.java:546] - Completed initialization in 11 ms
2021-10-14 14:42:44,078 INFO [Eureka-EvictionTimer][AbstractInstanceRegistry.java:1250] - Running the evict task with compensationTime 0ms
2021-10-14 14:42:54,093 INFO [Eureka-EvictionTimer][AbstractInstanceRegistry.java:1250] - Running the evict task with compensationTime 15ms
2021-10-14 14:43:04,097 INFO [Eureka-EvictionTimer][AbstractInstanceRegistry.java:1250] - Running the evict task with compensationTime 3ms
2021-10-14 14:43:14,101 INFO [Eureka-EvictionTimer][AbstractInstanceRegistry.java:1250] - Running the evict task with compensationTime 5ms
2021-10-14 14:43:24,109 INFO [Eureka-EvictionTimer][AbstractInstanceRegistry.java:1250] - Running the evict task with compensationTime 8ms
2021-10-14 14:43:34,115 INFO [Eureka-EvictionTimer][AbstractInstanceRegistry.java:1250] - Running the evict task with compensationTime 5ms
2021-10-14 14:43:44,124 INFO [Eureka-EvictionTimer][AbstractInstanceRegistry.java:1250] - Running the evict task with compensationTime 8ms
2021-10-14 14:43:54,136 INFO [Eureka-EvictionTimer][AbstractInstanceRegistry.java:1250] - Running the evict task with compensationTime 11ms
2021-10-14 14:44:04,140 INFO [Eureka-EvictionTimer][AbstractInstanceRegistry.java:1250] - Running the evict task with compensationTime 4ms
2021-10-14 14:44:14,145 INFO [Eureka-EvictionTimer][AbstractInstanceRegistry.java:1250] - Running the evict task with compensationTime 5ms
2021-10-14 14:44:24,160 INFO [Eureka-EvictionTimer][AbstractInstanceRegistry.java:1250] - Running the evict task with compensationTime 14ms
2021-10-14 14:44:34,165 INFO [Eureka-EvictionTimer][AbstractInstanceRegistry.java:1250] - Running the evict task with compensationTime 5ms
2021-10-14 14:44:44,180 INFO [Eureka-EvictionTimer][AbstractInstanceRegistry.java:1250] - Running the evict task with compensationTime 15ms
2021-10-14 14:44:54,193 INFO [Eureka-EvictionTimer][AbstractInstanceRegistry.java:1250] - Running the evict task with compensationTime 11ms
2021-10-14 14:45:04,195 INFO [Eureka-EvictionTimer][AbstractInstanceRegistry.java:1250] - Running the evict task with compensationTime 1ms
2021-10-14 14:45:14,202 INFO [Eureka-EvictionTimer][AbstractInstanceRegistry.java:1250] - Running the evict task with compensationTime 8ms
2021-10-14 14:45:24,214 INFO [Eureka-EvictionTimer][AbstractInstanceRegistry.java:1250] - Running the evict task with compensationTime 11ms
2021-10-14 14:45:34,221 INFO [Eureka-EvictionTimer][AbstractInstanceRegistry.java:1250] - Running the evict task with compensationTime 7ms
2021-10-14 14:45:44,247 INFO [Eureka-EvictionTimer][AbstractInstanceRegistry.java:1250] - Running the evict task with compensationTime 26ms
2021-10-14 14:45:54,259 INFO [Eureka-EvictionTimer][AbstractInstanceRegistry.java:1250] - Running the evict task with compensationTime 10ms
2021-10-14 14:46:04,271 INFO [Eureka-EvictionTimer][AbstractInstanceRegistry.java:1250] - Running the evict task with compensationTime 11ms
2021-10-14 14:46:14,279 INFO [Eureka-EvictionTimer][AbstractInstanceRegistry.java:1250] - Running the evict task with compensationTime 8ms
2021-10-14 14:46:24,319 INFO [Eureka-EvictionTimer][AbstractInstanceRegistry.java:1250] - Running the evict task with compensationTime 40ms
2021-10-14 14:46:34,322 INFO [Eureka-EvictionTimer][AbstractInstanceRegistry.java:1250] - Running the evict task with compensationTime 2ms
2021-10-14 14:46:44,325 INFO [Eureka-EvictionTimer][AbstractInstanceRegistry.java:1250] - Running the evict task with compensationTime 2ms
2021-10-14 14:46:54,337 INFO [Eureka-EvictionTimer][AbstractInstanceRegistry.java:1250] - Running the evict task with compensationTime 12ms
2021-10-14 14:47:04,350 INFO [Eureka-EvictionTimer][AbstractInstanceRegistry.java:1250] - Running the evict task with compensationTime 13ms
2021-10-14 14:47:14,351 INFO [Eureka-EvictionTimer][AbstractInstanceRegistry.java:1250] - Running the evict task with compensationTime 0ms
2021-10-14 14:47:24,366 INFO [Eureka-EvictionTimer][AbstractInstanceRegistry.java:1250] - Running the evict task with compensationTime 14ms
2021-10-14 14:47:34,379 INFO [Eureka-EvictionTimer][AbstractInstanceRegistry.java:1250] - Running the evict task with compensationTime 13ms
2021-10-14 14:47:44,394 INFO [Eureka-EvictionTimer][AbstractInstanceRegistry.java:1250] - Running the evict task with compensationTime 15ms
2021-10-14 14:47:54,402 INFO [Eureka-EvictionTimer][AbstractInstanceRegistry.java:1250] - Running the evict task with compensationTime 8ms
2021-10-14 14:48:04,418 INFO [Eureka-EvictionTimer][AbstractInstanceRegistry.java:1250] - Running the evict task with compensationTime 15ms
2021-10-14 14:48:14,424 INFO [Eureka-EvictionTimer][AbstractInstanceRegistry.java:1250] - Running the evict task with compensationTime 6ms
2021-10-14 14:48:24,426 INFO [Eureka-EvictionTimer][AbstractInstanceRegistry.java:1250] - Running the evict task with compensationTime 1ms
2021-10-14 14:48:34,432 INFO [Eureka-EvictionTimer][AbstractInstanceRegistry.java:1250] - Running the evict task with compensationTime 6ms
2021-10-14 14:48:44,444 INFO [Eureka-EvictionTimer][AbstractInstanceRegistry.java:1250] - Running the evict task with compensationTime 11ms
2021-10-14 14:48:54,454 INFO [Eureka-EvictionTimer][AbstractInstanceRegistry.java:1250] - Running the evict task with compensationTime 10ms
2021-10-14 14:49:04,469 INFO [Eureka-EvictionTimer][AbstractInstanceRegistry.java:1250] - Running the evict task with compensationTime 15ms
2021-10-14 14:49:14,483 INFO [Eureka-EvictionTimer][AbstractInstanceRegistry.java:1250] - Running the evict task with compensationTime 14ms
2021-10-14 14:49:24,485 INFO [Eureka-EvictionTimer][AbstractInstanceRegistry.java:1250] - Running the evict task with compensationTime 0ms
2021-10-14 14:49:34,495 INFO [Eureka-EvictionTimer][AbstractInstanceRegistry.java:1250] - Running the evict task with compensationTime 11ms
2021-10-14 14:49:44,501 INFO [Eureka-EvictionTimer][AbstractInstanceRegistry.java:1250] - Running the evict task with compensationTime 5ms
2021-10-14 14:49:54,512 INFO [Eureka-EvictionTimer][AbstractInstanceRegistry.java:1250] - Running the evict task with compensationTime 11ms
2021-10-14 14:50:04,515 INFO [Eureka-EvictionTimer][AbstractInstanceRegistry.java:1250] - Running the evict task with compensationTime 3ms
2021-10-14 14:50:14,517 INFO [Eureka-EvictionTimer][AbstractInstanceRegistry.java:1250] - Running the evict task with compensationTime 1ms
2021-10-14 14:50:24,518 INFO [Eureka-EvictionTimer][AbstractInstanceRegistry.java:1250] - Running the evict task with compensationTime 0ms
2021-10-14 14:50:34,523 INFO [Eureka-EvictionTimer][AbstractInstanceRegistry.java:1250] - Running the evict task with compensationTime 5ms
2021-10-14 14:50:44,527 INFO [Eureka-EvictionTimer][AbstractInstanceRegistry.java:1250] - Running the evict task with compensationTime 4ms
2021-10-14 14:50:54,537 INFO [Eureka-EvictionTimer][AbstractInstanceRegistry.java:1250] - Running the evict task with compensationTime 9ms
2021-10-14 14:51:04,548 INFO [Eureka-EvictionTimer][AbstractInstanceRegistry.java:1250] - Running the evict task with compensationTime 11ms
2021-10-14 14:51:14,556 INFO [Eureka-EvictionTimer][AbstractInstanceRegistry.java:1250] - Running the evict task with compensationTime 9ms
2021-10-14 14:51:24,562 INFO [Eureka-EvictionTimer][AbstractInstanceRegistry.java:1250] - Running the evict task with compensationTime 5ms
2021-10-14 14:51:34,575 INFO [Eureka-EvictionTimer][AbstractInstanceRegistry.java:1250] - Running the evict task with compensationTime 12ms
2021-10-14 14:51:44,588 INFO [Eureka-EvictionTimer][AbstractInstanceRegistry.java:1250] - Running the evict task with compensationTime 12ms
2021-10-14 14:51:54,598 INFO [Eureka-EvictionTimer][AbstractInstanceRegistry.java:1250] - Running the evict task with compensationTime 9ms
2021-10-14 14:52:04,599 INFO [Eureka-EvictionTimer][AbstractInstanceRegistry.java:1250] - Running the evict task with compensationTime 1ms
2021-10-14 14:52:14,601 INFO [Eureka-EvictionTimer][AbstractInstanceRegistry.java:1250] - Running the evict task with compensationTime 1ms
2021-10-14 14:52:24,601 INFO [Eureka-EvictionTimer][AbstractInstanceRegistry.java:1250] - Running the evict task with compensationTime 0ms
2021-10-14 14:52:34,606 INFO [Eureka-EvictionTimer][AbstractInstanceRegistry.java:1250] - Running the evict task with compensationTime 5ms
2021-10-14 14:52:44,612 INFO [Eureka-EvictionTimer][AbstractInstanceRegistry.java:1250] - Running the evict task with compensationTime 5ms
2021-10-14 14:52:54,617 INFO [Eureka-EvictionTimer][AbstractInstanceRegistry.java:1250] - Running the evict task with compensationTime 4ms
2021-10-14 14:53:04,618 INFO [Eureka-EvictionTimer][AbstractInstanceRegistry.java:1250] - Running the evict task with compensationTime 0ms
2021-10-14 14:53:14,622 INFO [Eureka-EvictionTimer][AbstractInstanceRegistry.java:1250] - Running the evict task with compensationTime 5ms
2021-10-14 14:53:24,637 INFO [Eureka-EvictionTimer][AbstractInstanceRegistry.java:1250] - Running the evict task with compensationTime 13ms
2021-10-14 14:53:34,642 INFO [Eureka-EvictionTimer][AbstractInstanceRegistry.java:1250] - Running the evict task with compensationTime 6ms
2021-10-14 14:53:44,647 INFO [Eureka-EvictionTimer][AbstractInstanceRegistry.java:1250] - Running the evict task with compensationTime 4ms
2021-10-14 14:53:54,692 INFO [Eureka-EvictionTimer][AbstractInstanceRegistry.java:1250] - Running the evict task with compensationTime 44ms
2021-10-14 14:54:04,694 INFO [Eureka-EvictionTimer][AbstractInstanceRegistry.java:1250] - Running the evict task with compensationTime 1ms
2021-10-14 14:54:13,410 INFO [http-nio-56080-exec-2][AbstractInstanceRegistry.java:266] - Registered instance DTX-NOTIFYMSG-DEMO-BANK1/DESKTOP-DBRQCN0:dtx-notifymsg-demo-bank1:56081 with status UP (replication=false)
2021-10-14 14:54:14,289 INFO [http-nio-56080-exec-4][AbstractInstanceRegistry.java:266] - Registered instance DTX-NOTIFYMSG-DEMO-BANK1/DESKTOP-DBRQCN0:dtx-notifymsg-demo-bank1:56081 with status UP (replication=true)
2021-10-14 14:54:14,708 INFO [Eureka-EvictionTimer][AbstractInstanceRegistry.java:1250] - Running the evict task with compensationTime 14ms
2021-10-14 14:54:24,713 INFO [Eureka-EvictionTimer][AbstractInstanceRegistry.java:1250] - Running the evict task with compensationTime 4ms
2021-10-14 14:54:34,720 INFO [Eureka-EvictionTimer][AbstractInstanceRegistry.java:1250] - Running the evict task with compensationTime 7ms
2021-10-14 14:54:44,722 INFO [Eureka-EvictionTimer][AbstractInstanceRegistry.java:1250] - Running the evict task with compensationTime 1ms
2021-10-14 14:54:54,723 INFO [Eureka-EvictionTimer][AbstractInstanceRegistry.java:1250] - Running the evict task with compensationTime 2ms
2021-10-14 14:55:04,731 INFO [Eureka-EvictionTimer][AbstractInstanceRegistry.java:1250] - Running the evict task with compensationTime 8ms
2021-10-14 14:55:14,732 INFO [Eureka-EvictionTimer][AbstractInstanceRegistry.java:1250] - Running the evict task with compensationTime 1ms
2021-10-14 14:55:24,739 INFO [Eureka-EvictionTimer][AbstractInstanceRegistry.java:1250] - Running the evict task with compensationTime 5ms
2021-10-14 14:55:29,761 INFO [http-nio-56080-exec-10][AbstractInstanceRegistry.java:266] - Registered instance DTX-NOTIFYMSG-DEMO-BANK1/DESKTOP-DBRQCN0:dtx-notifymsg-demo-bank1:56081 with status DOWN (replication=false)
2021-10-14 14:55:30,291 INFO [http-nio-56080-exec-1][AbstractInstanceRegistry.java:266] - Registered instance DTX-NOTIFYMSG-DEMO-BANK1/DESKTOP-DBRQCN0:dtx-notifymsg-demo-bank1:56081 with status DOWN (replication=true)
2021-10-14 14:55:32,816 INFO [http-nio-56080-exec-2][AbstractInstanceRegistry.java:330] - Cancelled instance DTX-NOTIFYMSG-DEMO-BANK1/DESKTOP-DBRQCN0:dtx-notifymsg-demo-bank1:56081 (replication=false)
2021-10-14 14:55:33,344 WARN [http-nio-56080-exec-5][AbstractInstanceRegistry.java:315] - DS: Registry: cancel failed because Lease is not registered for: DTX-NOTIFYMSG-DEMO-BANK1/DESKTOP-DBRQCN0:dtx-notifymsg-demo-bank1:56081
2021-10-14 14:55:33,344 INFO [http-nio-56080-exec-5][InstanceResource.java:288] - Not Found (Cancel): DTX-NOTIFYMSG-DEMO-BANK1 - DESKTOP-DBRQCN0:dtx-notifymsg-demo-bank1:56081
2021-10-14 14:55:33,346 WARN [TaskBatchingWorker-target_localhost-11][ReplicationTask.java:35] - The replication of task DTX-NOTIFYMSG-DEMO-BANK1/DESKTOP-DBRQCN0:dtx-notifymsg-demo-bank1:56081:Cancel@localhost failed with response code 404
2021-10-14 14:55:33,346 WARN [TaskBatchingWorker-target_localhost-11][PeerEurekaNode.java:171] - DTX-NOTIFYMSG-DEMO-BANK1/DESKTOP-DBRQCN0:dtx-notifymsg-demo-bank1:56081:Cancel@localhost: missing entry.
2021-10-14 14:55:34,744 INFO [Eureka-EvictionTimer][AbstractInstanceRegistry.java:1250] - Running the evict task with compensationTime 5ms
2021-10-14 14:55:44,755 INFO [Eureka-EvictionTimer][AbstractInstanceRegistry.java:1250] - Running the evict task with compensationTime 11ms
2021-10-14 14:55:54,765 INFO [Eureka-EvictionTimer][AbstractInstanceRegistry.java:1250] - Running the evict task with compensationTime 9ms
2021-10-14 14:56:04,781 INFO [Eureka-EvictionTimer][AbstractInstanceRegistry.java:1250] - Running the evict task with compensationTime 16ms
2021-10-14 14:56:14,793 INFO [Eureka-EvictionTimer][AbstractInstanceRegistry.java:1250] - Running the evict task with compensationTime 11ms
2021-10-14 14:56:24,801 INFO [Eureka-EvictionTimer][AbstractInstanceRegistry.java:1250] - Running the evict task with compensationTime 8ms
2021-10-14 14:56:34,816 INFO [Eureka-EvictionTimer][AbstractInstanceRegistry.java:1250] - Running the evict task with compensationTime 15ms
2021-10-14 14:56:44,819 INFO [Eureka-EvictionTimer][AbstractInstanceRegistry.java:1250] - Running the evict task with compensationTime 3ms
2021-10-14 14:56:54,821 INFO [Eureka-EvictionTimer][AbstractInstanceRegistry.java:1250] - Running the evict task with compensationTime 2ms
2021-10-14 14:57:04,836 INFO [Eureka-EvictionTimer][AbstractInstanceRegistry.java:1250] - Running the evict task with compensationTime 14ms
2021-10-14 14:57:14,837 INFO [Eureka-EvictionTimer][AbstractInstanceRegistry.java:1250] - Running the evict task with compensationTime 1ms
2021-10-14 14:57:24,839 INFO [Eureka-EvictionTimer][AbstractInstanceRegistry.java:1250] - Running the evict task with compensationTime 2ms
2021-10-14 14:57:33,894 INFO [ReplicaAwareInstanceRegistry - RenewalThresholdUpdater][PeerAwareInstanceRegistryImpl.java:539] - Current renewal threshold is : 0
2021-10-14 14:57:34,849 INFO [Eureka-EvictionTimer][AbstractInstanceRegistry.java:1250] - Running the evict task with compensationTime 7ms
2021-10-14 14:57:44,861 INFO [Eureka-EvictionTimer][AbstractInstanceRegistry.java:1250] - Running the evict task with compensationTime 14ms
2021-10-14 14:57:54,864 INFO [Eureka-EvictionTimer][AbstractInstanceRegistry.java:1250] - Running the evict task with compensationTime 2ms
2021-10-14 14:58:04,871 INFO [Eureka-EvictionTimer][AbstractInstanceRegistry.java:1250] - Running the evict task with compensationTime 6ms
2021-10-14 14:58:14,877 INFO [Eureka-EvictionTimer][AbstractInstanceRegistry.java:1250] - Running the evict task with compensationTime 6ms
2021-10-14 14:58:24,880 INFO [Eureka-EvictionTimer][AbstractInstanceRegistry.java:1250] - Running the evict task with compensationTime 3ms
2021-10-14 14:58:34,880 INFO [Eureka-EvictionTimer][AbstractInstanceRegistry.java:1250] - Running the evict task with compensationTime 0ms
2021-10-14 14:58:44,894 INFO [Eureka-EvictionTimer][AbstractInstanceRegistry.java:1250] - Running the evict task with compensationTime 13ms
2021-10-14 14:58:54,909 INFO [Eureka-EvictionTimer][AbstractInstanceRegistry.java:1250] - Running the evict task with compensationTime 14ms
2021-10-14 14:59:04,917 INFO [Eureka-EvictionTimer][AbstractInstanceRegistry.java:1250] - Running the evict task with compensationTime 8ms
2021-10-14 14:59:14,927 INFO [Eureka-EvictionTimer][AbstractInstanceRegistry.java:1250] - Running the evict task with compensationTime 9ms
2021-10-14 14:59:24,930 INFO [Eureka-EvictionTimer][AbstractInstanceRegistry.java:1250] - Running the evict task with compensationTime 2ms
2021-10-14 14:59:34,942 INFO [Eureka-EvictionTimer][AbstractInstanceRegistry.java:1250] - Running the evict task with compensationTime 12ms
2021-10-14 14:59:44,943 INFO [Eureka-EvictionTimer][AbstractInstanceRegistry.java:1250] - Running the evict task with compensationTime 0ms
2021-10-14 14:59:54,946 INFO [Eureka-EvictionTimer][AbstractInstanceRegistry.java:1250] - Running the evict task with compensationTime 3ms
